[2019-01-06 11:49:07.325] [exthost] [info] extension host started
[2019-01-06 11:49:07.338] [exthost] [info] ExtensionService#_doActivateExtension vscode.debug-auto-launch {"startup":true,"activationEvent":"*"}
[2019-01-06 11:49:07.338] [exthost] [info] ExtensionService#loadCommonJSModule /snap/vscode/72/usr/share/code/resources/app/extensions/debug-auto-launch/dist/extension
[2019-01-06 11:49:07.341] [exthost] [info] ExtensionService#_doActivateExtension vscode.emmet {"startup":true,"activationEvent":"*"}
[2019-01-06 11:49:07.341] [exthost] [info] ExtensionService#loadCommonJSModule /snap/vscode/72/usr/share/code/resources/app/extensions/emmet/dist/extension
[2019-01-06 11:49:07.359] [exthost] [info] ExtensionService#_doActivateExtension vscode.git {"startup":true,"activationEvent":"*"}
[2019-01-06 11:49:07.360] [exthost] [info] ExtensionService#loadCommonJSModule /snap/vscode/72/usr/share/code/resources/app/extensions/git/dist/main
[2019-01-06 11:49:07.464] [exthost] [info] ExtensionService#_doActivateExtension vscode.merge-conflict {"startup":true,"activationEvent":"*"}
[2019-01-06 11:49:07.464] [exthost] [info] ExtensionService#loadCommonJSModule /snap/vscode/72/usr/share/code/resources/app/extensions/merge-conflict/dist/extension
[2019-01-06 11:49:07.469] [exthost] [info] ExtensionService#_doActivateExtension dbaeumer.vscode-eslint {"startup":true,"activationEvent":"*"}
[2019-01-06 11:49:07.469] [exthost] [info] ExtensionService#loadCommonJSModule /home/caleb/.vscode/extensions/dbaeumer.vscode-eslint-1.7.2/client/out/extension
[2019-01-06 11:49:07.526] [exthost] [info] ExtensionService#_doActivateExtension eamodio.gitlens {"startup":true,"activationEvent":"*"}
[2019-01-06 11:49:07.526] [exthost] [info] ExtensionService#loadCommonJSModule /home/caleb/.vscode/extensions/eamodio.gitlens-9.3.0/dist/extension
[2019-01-06 11:49:07.627] [exthost] [info] ExtensionService#_doActivateExtension robertohuertasm.vscode-icons {"startup":true,"activationEvent":"*"}
[2019-01-06 11:49:07.627] [exthost] [info] ExtensionService#loadCommonJSModule /home/caleb/.vscode/extensions/robertohuertasm.vscode-icons-8.0.0/out/src/
[2019-01-06 11:49:07.707] [exthost] [info] eager extensions activated
[2019-01-06 11:49:07.835] [exthost] [info] ExtensionService#_doActivateExtension vscode.html-language-features {"startup":false,"activationEvent":"onLanguage:html"}
[2019-01-06 11:49:07.835] [exthost] [info] ExtensionService#loadCommonJSModule /snap/vscode/72/usr/share/code/resources/app/extensions/html-language-features/client/dist/htmlMain
[2019-01-06 11:49:22.386] [exthost] [info] extension host started
[2019-01-06 11:49:22.398] [exthost] [info] ExtensionService#_doActivateExtension vscode.debug-auto-launch {"startup":true,"activationEvent":"*"}
[2019-01-06 11:49:22.398] [exthost] [info] ExtensionService#loadCommonJSModule /snap/vscode/72/usr/share/code/resources/app/extensions/debug-auto-launch/dist/extension
[2019-01-06 11:49:22.405] [exthost] [info] ExtensionService#_doActivateExtension vscode.emmet {"startup":true,"activationEvent":"*"}
[2019-01-06 11:49:22.405] [exthost] [info] ExtensionService#loadCommonJSModule /snap/vscode/72/usr/share/code/resources/app/extensions/emmet/dist/extension
[2019-01-06 11:49:22.421] [exthost] [info] ExtensionService#_doActivateExtension vscode.git {"startup":true,"activationEvent":"*"}
[2019-01-06 11:49:22.421] [exthost] [info] ExtensionService#loadCommonJSModule /snap/vscode/72/usr/share/code/resources/app/extensions/git/dist/main
[2019-01-06 11:49:22.514] [exthost] [info] ExtensionService#_doActivateExtension vscode.merge-conflict {"startup":true,"activationEvent":"*"}
[2019-01-06 11:49:22.514] [exthost] [info] ExtensionService#loadCommonJSModule /snap/vscode/72/usr/share/code/resources/app/extensions/merge-conflict/dist/extension
[2019-01-06 11:49:22.519] [exthost] [info] ExtensionService#_doActivateExtension dbaeumer.vscode-eslint {"startup":true,"activationEvent":"*"}
[2019-01-06 11:49:22.519] [exthost] [info] ExtensionService#loadCommonJSModule /home/caleb/.vscode/extensions/dbaeumer.vscode-eslint-1.7.2/client/out/extension
[2019-01-06 11:49:22.573] [exthost] [info] ExtensionService#_doActivateExtension eamodio.gitlens {"startup":true,"activationEvent":"*"}
[2019-01-06 11:49:22.573] [exthost] [info] ExtensionService#loadCommonJSModule /home/caleb/.vscode/extensions/eamodio.gitlens-9.3.0/dist/extension
[2019-01-06 11:49:22.678] [exthost] [info] ExtensionService#_doActivateExtension robertohuertasm.vscode-icons {"startup":true,"activationEvent":"*"}
[2019-01-06 11:49:22.678] [exthost] [info] ExtensionService#loadCommonJSModule /home/caleb/.vscode/extensions/robertohuertasm.vscode-icons-8.0.0/out/src/
[2019-01-06 11:49:22.755] [exthost] [info] eager extensions activated
